[?1049h[22;0;0t[?1h=[H[2J[?12l[?25h[?1000l[?1002l[?1003l[?1006l[?1005l(B[m[?12l[?25h[?1006l[?1000l[?1002l[?1003l[?2004l[1;1H[1;32r[>c[>q[1;1H[?25l[K
[K
[K
[K
[K
[K
[K
[K
[K
[K
[K
[K
[K
[K
[K
[K
[K
[K
[K
[K
[K
[K
[K
[K
[K
[K
[K
[K
[K
[K
[K[30m[42m
[0] 0:zsh*                                                                               "huys-MacBook-Pro.loca" 13:24 19-Jul-23(B[m[?12l[?25h[1;1H[?7727h[?7727h(B[m[?12l[?25h[?1006l[?1000l[?1002l[?1003l[?2004l[1;1H[1;32r[1;1H[?25l[K
[K
[K
[K
[K
[K
[K
[K
[K
[K
[K
[K
[K
[K
[K
[K
[K
[K
[K
[K
[K
[K
[K
[K
[K
[K
[K
[K
[K
[K
[K[30m[42m
[0] 0:zsh*                                                                               "huys-MacBook-Pro.loca" 13:24 19-Jul-23(B[m[?12l[?25h[1;1H                                                                                                                                [1;1H[1;31r[1;1H[2;31r[30S[1;1H[K[38;5;242mโญโ[30m [39m๏น [38;5;31m๏ผ [38;5;39m[1m~(B[m[38;5;31m/[38;5;39m[1m.dotfiles(B[m[30m [38;5;242mยทยทยทยทยทยทยทยทยทยทยทยทยทยทยทยทยทยทยทยทยทยทยทยทยทยทยทยทยทยทยทยทยทยทยทยทยทยทยทยทยทยทยทยทยทยทยทยทยทยทยทยทยทยทยทยทยทยทยทยทยทยทยทยทยทยทยทยทยทยทยทยทยทยทยทยทยทยทยทยทยทยทยทยทยทยทยทยทยทยทยท[30m [39mat [38;5;66m๏ 01:24:09 PM
[38;5;242mโฐโ[38;5;76mโฏ[39m [K[1;32r[2;5H[?2004h[7m^A(B[m